<?xml version="1.0" encoding="UTF-8"?>
<!-- Generated by org.testng.reporters.JUnitXMLReporter -->
<testsuite ignored="1" hostname="DESKTOP-CSA6K9M" failures="0" tests="6" name="Default test" time="14.468" errors="0" timestamp="2023-07-20T15:39:00 IST">
  <testcase classname="com.ecommerce.test.FBRegistration" name="fbAccount" time="3.109"/>
  <testcase classname="com.ecommerce.test.FBRegistration" name="googleAccount" time="2.817"/>
  <testcase classname="com.ecommerce.test.FBRegistration" name="googleAccount" time="1.481"/>
  <testcase classname="com.ecommerce.test.FBRegistration" name="searchGoogleAndTestTitleText" time="2.621"/>
  <testcase classname="com.ecommerce.test.FBRegistration" name="testLocalPage" time="4.333"/>
  <testcase classname="com.ecommerce.test.FBRegistration" name="f1" time="0.001"/>
  <testcase classname="com.ecommerce.test.FBRegistration" name="f2" time="0.0">
    <ignored/>
  </testcase> <!-- f2 -->
</testsuite> <!-- Default test -->
